<?xml version="1.0" encoding="UTF-8"?>
<!-- Generated by org.testng.reporters.JUnitReportReporter -->
<testsuite skipped="0" hostname="DESKTOP-I6VERG6" name="testNGexamples.Example1" tests="1" failures="0" timestamp="24 Oct 2018 05:02:37 GMT" time="0.046" errors="0">
  <testcase name="method1" time="0.046" classname="testNGexamples.Example1"/>
</testsuite> <!-- testNGexamples.Example1 -->
